----------------------------------------------------------------
Tue Nov 01 23:22:25 MSK 2016:
Booting Derby version The Apache Software Foundation - Apache Derby - 10.11.1.1 - (1616546): instance a816c00e-0158-218e-9fa5-000006b096e0 
on database directory /private/var/folders/pb/3b7vdcds29dgx3mbkvn4dllm0000gn/T/1478031536653-0/test_metastore-1 with class loader sun.misc.Launcher$AppClassLoader@4aa298b7 
Loaded from file:/Users/vinogradov/.m2/repository/org/apache/derby/derby/10.11.1.1/derby-10.11.1.1.jar
java.vendor=Oracle Corporation
java.runtime.version=1.8.0_92-b14
user.dir=/Users/vinogradov/projects/hiveunit-mr2
os.name=Mac OS X
os.arch=x86_64
os.version=10.12.1
derby.system.home=null
Database Class Loader started - derby.database.classpath=''
----------------------------------------------------------------
Tue Nov 01 23:26:06 MSK 2016:
Booting Derby version The Apache Software Foundation - Apache Derby - 10.11.1.1 - (1616546): instance 12ef04c8-0158-218e-9fa5-000006b096e0 
on database directory /private/var/folders/pb/3b7vdcds29dgx3mbkvn4dllm0000gn/T/1478031777318-0/test_metastore-2 with class loader sun.misc.Launcher$AppClassLoader@4aa298b7 
Loaded from file:/Users/vinogradov/.m2/repository/org/apache/derby/derby/10.11.1.1/derby-10.11.1.1.jar
java.vendor=Oracle Corporation
java.runtime.version=1.8.0_92-b14
user.dir=/Users/vinogradov/projects/hiveunit-mr2
os.name=Mac OS X
os.arch=x86_64
os.version=10.12.1
derby.system.home=null
Database Class Loader started - derby.database.classpath=''
